# Logfile created on Wed Apr 29 20:47:51 -0700 2009  [4;36;1mSQL (0.3ms)[0m   [0;1m SELECT name
 FROM sqlite_master
 WHERE type = 'table' AND NOT name = 'sqlite_sequence'
[0m
  [4;35;1mSQL (0.2ms)[0m   [0mselect sqlite_version(*)[0m
  [4;36;1mSQL (2.7ms)[0m   [0;1mCREATE TABLE "schema_migrations" ("version" varchar(255) NOT NULL) [0m
  [4;35;1mSQL (1.8ms)[0m   [0mCREATE UNIQUE INDEX "unique_schema_migrations" ON "schema_migrations" ("version")[0m
  [4;36;1mSQL (0.3ms)[0m   [0;1m SELECT name
 FROM sqlite_master
 WHERE type = 'table' AND NOT name = 'sqlite_sequence'
[0m
  [4;35;1mSQL (0.1ms)[0m   [0mSELECT version FROM schema_migrations[0m
Migrating to CreateUsers (1)
  [4;36;1mSQL (0.8ms)[0m   [0;1mCREATE TABLE "users" ("id" INTEGER PRIMARY KEY AUTOINCREMENT NOT NULL, "created_at" datetime, "updated_at" datetime, "login" varchar(255) NOT NULL, "email" varchar(255) NOT NULL, "crypted_password" varchar(255) NOT NULL, "password_salt" varchar(255) NOT NULL, "persistence_token" varchar(255) NOT NULL, "login_count" integer DEFAULT 0 NOT NULL, "last_request_at" datetime, "last_login_at" datetime, "current_login_at" datetime, "last_login_ip" varchar(255), "current_login_ip" varchar(255)) [0m
  [4;35;1mSQL (0.2ms)[0m   [0mCREATE INDEX "index_users_on_login" ON "users" ("login")[0m
  [4;36;1mSQL (0.2ms)[0m   [0;1mCREATE INDEX "index_users_on_persistence_token" ON "users" ("persistence_token")[0m
  [4;35;1mSQL (0.2ms)[0m   [0mCREATE INDEX "index_users_on_last_request_at" ON "users" ("last_request_at")[0m
  [4;36;1mSQL (0.2ms)[0m   [0;1mINSERT INTO schema_migrations (version) VALUES ('1')[0m
Migrating to CreateSessions (2)
  [4;35;1mSQL (0.5ms)[0m   [0mCREATE TABLE "sessions" ("id" INTEGER PRIMARY KEY AUTOINCREMENT NOT NULL, "session_id" varchar(255) NOT NULL, "data" text, "created_at" datetime, "updated_at" datetime) [0m
  [4;36;1mSQL (1.2ms)[0m   [0;1mCREATE INDEX "index_sessions_on_session_id" ON "sessions" ("session_id")[0m
  [4;35;1mSQL (0.2ms)[0m   [0mCREATE INDEX "index_sessions_on_updated_at" ON "sessions" ("updated_at")[0m
  [4;36;1mSQL (0.1ms)[0m   [0;1mINSERT INTO schema_migrations (version) VALUES ('2')[0m
Migrating to CreateRelations (3)
  [4;35;1mSQL (0.6ms)[0m   [0mCREATE TABLE "relations" ("id" INTEGER PRIMARY KEY AUTOINCREMENT NOT NULL, "kind" varchar(255), "value" text, "note_id" integer, "sibling_id" integer, "created_at" datetime, "updated_at" datetime) [0m
  [4;36;1mSQL (0.2ms)[0m   [0;1mINSERT INTO schema_migrations (version) VALUES ('3')[0m
Migrating to CreateNotes (4)
  [4;35;1mSQL (0.8ms)[0m   [0mCREATE TABLE "notes" ("id" INTEGER PRIMARY KEY AUTOINCREMENT NOT NULL, "uuid" varchar(255), "kind" varchar(255), "provenance" varchar(255), "permissions" integer, "owner_id" integer, "depth" integer, "score" integer, "title" varchar(255), "link" varchar(255), "description" text, "depiction" varchar(255), "location" varchar(255), "lat" float, "lon" float, "radius" float, "begins" datetime, "ends" datetime, "created_at" datetime, "updated_at" datetime) [0m
  [4;36;1mSQL (0.2ms)[0m   [0;1mINSERT INTO schema_migrations (version) VALUES ('4')[0m
  [4;35;1mSQL (0.5ms)[0m   [0m SELECT name
 FROM sqlite_master
 WHERE type = 'table' AND NOT name = 'sqlite_sequence'
[0m
  [4;36;1mSQL (0.3ms)[0m   [0;1mSELECT version FROM schema_migrations[0m
  [4;35;1mSQL (0.4ms)[0m   [0m SELECT name
 FROM sqlite_master
 WHERE type = 'table' AND NOT name = 'sqlite_sequence'
[0m
  [4;36;1mSQL (0.1ms)[0m   [0;1mPRAGMA index_list("notes")[0m
  [4;35;1mSQL (0.1ms)[0m   [0mPRAGMA index_list("relations")[0m
  [4;36;1mSQL (0.2ms)[0m   [0;1mPRAGMA index_list("sessions")[0m
  [4;35;1mSQL (0.1ms)[0m   [0mPRAGMA index_info('index_sessions_on_updated_at')[0m
  [4;36;1mSQL (0.1ms)[0m   [0;1mPRAGMA index_info('index_sessions_on_session_id')[0m
  [4;35;1mSQL (0.3ms)[0m   [0mPRAGMA index_list("users")[0m
  [4;36;1mSQL (0.1ms)[0m   [0;1mPRAGMA index_info('index_users_on_last_request_at')[0m
  [4;35;1mSQL (0.1ms)[0m   [0mPRAGMA index_info('index_users_on_persistence_token')[0m
  [4;36;1mSQL (0.1ms)[0m   [0;1mPRAGMA index_info('index_users_on_login')[0m
